<?xml version="1.0" encoding="UTF-8" ?>
<testsuite failures="0" time="15.369" errors="0" skipped="0" tests="15" name="org.misha.algebra.lie.polynomial.monomial.MonomialTest">
  <properties>
[...]
</properties>
  <testcase time="0.008" classname="org.misha.algebra.lie.polynomial.monomial.MonomialTest" name="testToString"/>
  <testcase time="0.009" classname="org.misha.algebra.lie.polynomial.monomial.MonomialTest" name="testMonomial"/>
  <testcase time="0.008" classname="org.misha.algebra.lie.polynomial.monomial.MonomialTest" name="testCopy"/>
  <testcase time="0.007" classname="org.misha.algebra.lie.polynomial.monomial.MonomialTest" name="testIsCorrect"/>
  <testcase time="0.066" classname="org.misha.algebra.lie.polynomial.monomial.MonomialTest" name="testHall"/>
  <testcase time="0.02" classname="org.misha.algebra.lie.polynomial.monomial.MonomialTest" name="testVisitor"/>
  <testcase time="0.012" classname="org.misha.algebra.lie.polynomial.monomial.MonomialTest" name="testTest"/>
  <testcase time="0.011" classname="org.misha.algebra.lie.polynomial.monomial.MonomialTest" name="testSummands"/>
  <testcase time="0.012" classname="org.misha.algebra.lie.polynomial.monomial.MonomialTest" name="testCompareTo"/>
  <testcase time="0.012" classname="org.misha.algebra.lie.polynomial.monomial.MonomialTest" name="testSymbol"/>
  <testcase time="0.012" classname="org.misha.algebra.lie.polynomial.monomial.MonomialTest" name="fakeDeFakeTest"/>
  <testcase time="0.01" classname="org.misha.algebra.lie.polynomial.monomial.MonomialTest" name="findLettersTest"/>
  <testcase time="15.161" classname="org.misha.algebra.lie.polynomial.monomial.MonomialTest" name="actByTest"/>
  <testcase time="0.007" classname="org.misha.algebra.lie.polynomial.monomial.MonomialTest" name="cloneTest"/>
  <testcase time="0.007" classname="org.misha.algebra.lie.polynomial.monomial.MonomialTest" name="getConstantTest"/>
</testsuite>